<?xml version="1.0" encoding="UTF-8"?>
<testsuite xmlns:xsi="http://www.w3.org/2001/XMLSchema-instance" xsi:noNamespaceSchemaLocation="https://maven.apache.org/surefire/maven-surefire-plugin/xsd/surefire-test-report-3.0.xsd" version="3.0" name="TestSNWithMockDAO" time="0.003" tests="22" errors="10" skipped="0" failures="7">
  <properties>
[...]
</properties>
  <testcase name="willAttemptToPersistANewAccount" classname="TestSNWithMockDAO" time="0">
    <failure type="java.lang.AssertionError"><![CDATA[java.lang.AssertionError
	at TestSNWithMockDAO.willAttemptToPersistANewAccount(TestSNWithMockDAO.java:37)
]]></failure>
  </testcase>
  <testcase name="willAttemptToPersistRejectionOfFriendRequest" classname="TestSNWithMockDAO" time="0">
    <failure type="java.lang.AssertionError"><![CDATA[java.lang.AssertionError
	at TestSNWithMockDAO.willAttemptToPersistRejectionOfFriendRequest(TestSNWithMockDAO.java:53)
]]></failure>
  </testcase>
  <testcase name="willAttemptToPersistSendingAFriendRequest" classname="TestSNWithMockDAO" time="0">
    <failure type="java.lang.AssertionError"><![CDATA[java.lang.AssertionError
	at TestSNWithMockDAO.willAttemptToPersistSendingAFriendRequest(TestSNWithMockDAO.java:43)
]]></failure>
  </testcase>
  <testcase name="willAttemptToPersistBlockingAMember" classname="TestSNWithMockDAO" time="0">
    <failure type="java.lang.AssertionError"><![CDATA[java.lang.AssertionError
	at TestSNWithMockDAO.willAttemptToPersistBlockingAMember(TestSNWithMockDAO.java:58)
]]></failure>
  </testcase>
  <testcase name="willAttemptToPersistLeavingSocialNetwork" classname="TestSNWithMockDAO" time="0">
    <failure type="java.lang.AssertionError"><![CDATA[java.lang.AssertionError
	at TestSNWithMockDAO.willAttemptToPersistLeavingSocialNetwork(TestSNWithMockDAO.java:64)
]]></failure>
  </testcase>
  <testcase name="willAttemptToPersistAcceptanceOfFriendRequest" classname="TestSNWithMockDAO" time="0">
    <failure type="java.lang.AssertionError"><![CDATA[java.lang.AssertionError
	at TestSNWithMockDAO.willAttemptToPersistAcceptanceOfFriendRequest(TestSNWithMockDAO.java:48)
]]></failure>
  </testcase>
  <testcase name="acceptingFriendRequestCreatesFriendship" classname="TestSNWithMockDAO" time="0">
    <error type="UserNotFoundException"><![CDATA[UserNotFoundException
]]></error>
  </testcase>
  <testcase name="canNotJoinSocialNetworkAgain" classname="TestSNWithMockDAO" time="0">
    <failure message="Expected exception: UserExistsException" type="java.lang.AssertionError"><![CDATA[java.lang.AssertionError: Expected exception: UserExistsException
]]></failure>
  </testcase>
  <testcase name="setEqualityWorksAsExpected" classname="TestSNWithMockDAO" time="0"/>
  <testcase name="sendingFriendRequestCreatesPendingRequestAndResponse" classname="TestSNWithMockDAO" time="0">
    <error type="UserNotFoundException"><![CDATA[UserNotFoundException
]]></error>
  </testcase>
  <testcase name="canListMembers" classname="TestSNWithMockDAO" time="0">
    <error type="UserNotFoundException"><![CDATA[UserNotFoundException
]]></error>
  </testcase>
  <testcase name="blockingAMemberMakesUserInvisibleToHerInListMembers" classname="TestSNWithMockDAO" time="0">
    <error type="UserNotFoundException"><![CDATA[UserNotFoundException
]]></error>
  </testcase>
  <testcase name="rejectingFriendRequestClearsPendingRequestAndResponse" classname="TestSNWithMockDAO" time="0">
    <error type="UserNotFoundException"><![CDATA[UserNotFoundException
]]></error>
  </testcase>
  <testcase name="canNotSendAFriendRequestToNonExistingMember" classname="TestSNWithMockDAO" time="0"/>
  <testcase name="blockingAMemberMakesUserInvisibleToHerInHasMember" classname="TestSNWithMockDAO" time="0">
    <error type="UserNotFoundException"><![CDATA[UserNotFoundException
]]></error>
  </testcase>
  <testcase name="canLoginAndFindYourself" classname="TestSNWithMockDAO" time="0">
    <error type="UserNotFoundException"><![CDATA[UserNotFoundException
]]></error>
  </testcase>
  <testcase name="mustLoginBeforeUsingSocialNetwork" classname="TestSNWithMockDAO" time="0"/>
  <testcase name="canJoinSocialNetwork" classname="TestSNWithMockDAO" time="0"/>
  <testcase name="recommendMembersReturnsSharedFriendsOfMyFriends" classname="TestSNWithMockDAO" time="0.001">
    <error type="UserNotFoundException"><![CDATA[UserNotFoundException
]]></error>
  </testcase>
  <testcase name="canCloneAccount" classname="TestSNWithMockDAO" time="0"/>
  <testcase name="canLeaveSocialNetwork" classname="TestSNWithMockDAO" time="0">
    <error type="UserNotFoundException"><![CDATA[UserNotFoundException
]]></error>
  </testcase>
  <testcase name="canLoginAndFindOthers" classname="TestSNWithMockDAO" time="0">
    <error type="UserNotFoundException"><![CDATA[UserNotFoundException
]]></error>
  </testcase>
</testsuite>