-------------------------------------------------------------------------------
Test set: TestSNWithMockDAO
-------------------------------------------------------------------------------
Tests run: 22, Failures: 7, Errors: 10, Skipped: 0, Time elapsed: 0.003 s <<< FAILURE! - in TestSNWithMockDAO
TestSNWithMockDAO.willAttemptToPersistANewAccount  Time elapsed: 0 s  <<< FAILURE!
java.lang.AssertionError
	at TestSNWithMockDAO.willAttemptToPersistANewAccount(TestSNWithMockDAO.java:37)

TestSNWithMockDAO.willAttemptToPersistRejectionOfFriendRequest  Time elapsed: 0 s  <<< FAILURE!
java.lang.AssertionError
	at TestSNWithMockDAO.willAttemptToPersistRejectionOfFriendRequest(TestSNWithMockDAO.java:53)

TestSNWithMockDAO.willAttemptToPersistSendingAFriendRequest  Time elapsed: 0 s  <<< FAILURE!
java.lang.AssertionError
	at TestSNWithMockDAO.willAttemptToPersistSendingAFriendRequest(TestSNWithMockDAO.java:43)

TestSNWithMockDAO.willAttemptToPersistBlockingAMember  Time elapsed: 0 s  <<< FAILURE!
java.lang.AssertionError
	at TestSNWithMockDAO.willAttemptToPersistBlockingAMember(TestSNWithMockDAO.java:58)

TestSNWithMockDAO.willAttemptToPersistLeavingSocialNetwork  Time elapsed: 0 s  <<< FAILURE!
java.lang.AssertionError
	at TestSNWithMockDAO.willAttemptToPersistLeavingSocialNetwork(TestSNWithMockDAO.java:64)

TestSNWithMockDAO.willAttemptToPersistAcceptanceOfFriendRequest  Time elapsed: 0 s  <<< FAILURE!
java.lang.AssertionError
	at TestSNWithMockDAO.willAttemptToPersistAcceptanceOfFriendRequest(TestSNWithMockDAO.java:48)

TestSNWithMockDAO.acceptingFriendRequestCreatesFriendship  Time elapsed: 0 s  <<< ERROR!
UserNotFoundException

TestSNWithMockDAO.canNotJoinSocialNetworkAgain  Time elapsed: 0 s  <<< FAILURE!
java.lang.AssertionError: Expected exception: UserExistsException

TestSNWithMockDAO.sendingFriendRequestCreatesPendingRequestAndResponse  Time elapsed: 0 s  <<< ERROR!
UserNotFoundException

TestSNWithMockDAO.canListMembers  Time elapsed: 0 s  <<< ERROR!
UserNotFoundException

TestSNWithMockDAO.blockingAMemberMakesUserInvisibleToHerInListMembers  Time elapsed: 0 s  <<< ERROR!
UserNotFoundException

TestSNWithMockDAO.rejectingFriendRequestClearsPendingRequestAndResponse  Time elapsed: 0 s  <<< ERROR!
UserNotFoundException

TestSNWithMockDAO.blockingAMemberMakesUserInvisibleToHerInHasMember  Time elapsed: 0 s  <<< ERROR!
UserNotFoundException

TestSNWithMockDAO.canLoginAndFindYourself  Time elapsed: 0 s  <<< ERROR!
UserNotFoundException

TestSNWithMockDAO.recommendMembersReturnsSharedFriendsOfMyFriends  Time elapsed: 0.001 s  <<< ERROR!
UserNotFoundException

TestSNWithMockDAO.canLeaveSocialNetwork  Time elapsed: 0 s  <<< ERROR!
UserNotFoundException

TestSNWithMockDAO.canLoginAndFindOthers  Time elapsed: 0 s  <<< ERROR!
UserNotFoundException

